{
  "stats": {
    "suites": 5,
    "tests": 13,
    "passes": 13,
    "pending": 0,
    "failures": 0,
    "start": "2022-05-26T01:22:37.899Z",
    "end": "2022-05-26T01:22:41.715Z",
    "duration": 3816,
    "testsRegistered": 13,
    "passPercent": 100,
    "pendingPercent": 0,
    "other": 0,
    "hasOther": false,
    "skipped": 0,
    "hasSkipped": false,
    "passPercentClass": "success",
    "pendingPercentClass": "danger"
  },
  "suites": {
    "title": "",
    "suites": [
      {
        "title": "PetSore API Tests",
        "suites": [
          {
            "title": "Get Pet details by Id",
            "suites": [],
            "tests": [
              {
                "title": "should return 200",
                "fullTitle": "PetSore API Tests Get Pet details by Id should return 200",
                "timedOut": false,
                "duration": 2,
                "state": "passed",
                "speed": "fast",
                "pass": true,
                "fail": false,
                "pending": false,
                "code": "expect(getResponse.status).to.deep.equal(200)",
                "err": {},
                "isRoot": false,
                "uuid": "df87b4d9-e2d2-4404-8590-f327b2cb6914",
                "parentUUID": "e8b7f551-13aa-4e49-805c-c4a241a5dbbb",
                "isHook": false,
                "skipped": false
              },
              {
                "title": "should return a json body",
                "fullTitle": "PetSore API Tests Get Pet details by Id should return a json body",
                "timedOut": false,
                "duration": 3,
                "state": "passed",
                "speed": "fast",
                "pass": true,
                "fail": false,
                "pending": false,
                "code": "expect(getResponse.header).to.include({\n  'content-type': 'application/json',\n});",
                "err": {},
                "isRoot": false,
                "uuid": "0e6b52a3-a494-451b-a636-5d799f3baf7f",
                "parentUUID": "e8b7f551-13aa-4e49-805c-c4a241a5dbbb",
                "isHook": false,
                "skipped": false
              },
              {
                "title": "should have correct pet id",
                "fullTitle": "PetSore API Tests Get Pet details by Id should have correct pet id",
                "timedOut": false,
                "duration": 1,
                "state": "passed",
                "speed": "fast",
                "pass": true,
                "fail": false,
                "pending": false,
                "code": "expect(getResponse.body.id).to.equal(JSON.parse(process.env.PET_ID),10);",
                "err": {},
                "isRoot": false,
                "uuid": "589b3f89-44f1-4294-ad70-3cbc3003d293",
                "parentUUID": "e8b7f551-13aa-4e49-805c-c4a241a5dbbb",
                "isHook": false,
                "skipped": false
              },
              {
                "title": "should have correct status",
                "fullTitle": "PetSore API Tests Get Pet details by Id should have correct status",
                "timedOut": false,
                "duration": 0,
                "state": "passed",
                "speed": "fast",
                "pass": true,
                "fail": false,
                "pending": false,
                "code": "expect(getResponse.body.status).to.equal('available');",
                "err": {},
                "isRoot": false,
                "uuid": "a16b87fd-db35-4239-9d2e-34abe4e58160",
                "parentUUID": "e8b7f551-13aa-4e49-805c-c4a241a5dbbb",
                "isHook": false,
                "skipped": false
              }
            ],
            "root": false,
            "pending": [],
            "_timeout": 2000,
            "file": "\\test\\petStoreTests.js",
            "uuid": "e8b7f551-13aa-4e49-805c-c4a241a5dbbb",
            "beforeHooks": [
              {
                "title": "\"before all\" hook in \"Get Pet details by Id\"",
                "fullTitle": "PetSore API Tests Get Pet details by Id \"before all\" hook in \"Get Pet details by Id\"",
                "timedOut": false,
                "duration": 1043,
                "pass": false,
                "fail": false,
                "pending": false,
                "code": "async \n          getResponse = await request.get(`/v2/pet/${process.env.PET_ID}`)",
                "err": {},
                "isRoot": false,
                "uuid": "e85c16a7-671c-4d64-a18a-903d52c8140e",
                "parentUUID": "e8b7f551-13aa-4e49-805c-c4a241a5dbbb",
                "isHook": true,
                "skipped": false
              }
            ],
            "afterHooks": [],
            "fullFile": "C:\\Users\\pnarkhede\\OneDrive - Claim Central Pty Ltd\\Documents\\86400 - Automation Test\\api-automation\\test\\petStoreTests.js",
            "passes": [
              {
                "title": "should return 200",
                "fullTitle": "PetSore API Tests Get Pet details by Id should return 200",
                "timedOut": false,
                "duration": 2,
                "state": "passed",
                "speed": "fast",
                "pass": true,
                "fail": false,
                "pending": false,
                "code": "expect(getResponse.status).to.deep.equal(200)",
                "err": {},
                "isRoot": false,
                "uuid": "df87b4d9-e2d2-4404-8590-f327b2cb6914",
                "parentUUID": "e8b7f551-13aa-4e49-805c-c4a241a5dbbb",
                "isHook": false,
                "skipped": false
              },
              {
                "title": "should return a json body",
                "fullTitle": "PetSore API Tests Get Pet details by Id should return a json body",
                "timedOut": false,
                "duration": 3,
                "state": "passed",
                "speed": "fast",
                "pass": true,
                "fail": false,
                "pending": false,
                "code": "expect(getResponse.header).to.include({\n  'content-type': 'application/json',\n});",
                "err": {},
                "isRoot": false,
                "uuid": "0e6b52a3-a494-451b-a636-5d799f3baf7f",
                "parentUUID": "e8b7f551-13aa-4e49-805c-c4a241a5dbbb",
                "isHook": false,
                "skipped": false
              },
              {
                "title": "should have correct pet id",
                "fullTitle": "PetSore API Tests Get Pet details by Id should have correct pet id",
                "timedOut": false,
                "duration": 1,
                "state": "passed",
                "speed": "fast",
                "pass": true,
                "fail": false,
                "pending": false,
                "code": "expect(getResponse.body.id).to.equal(JSON.parse(process.env.PET_ID),10);",
                "err": {},
                "isRoot": false,
                "uuid": "589b3f89-44f1-4294-ad70-3cbc3003d293",
                "parentUUID": "e8b7f551-13aa-4e49-805c-c4a241a5dbbb",
                "isHook": false,
                "skipped": false
              },
              {
                "title": "should have correct status",
                "fullTitle": "PetSore API Tests Get Pet details by Id should have correct status",
                "timedOut": false,
                "duration": 0,
                "state": "passed",
                "speed": "fast",
                "pass": true,
                "fail": false,
                "pending": false,
                "code": "expect(getResponse.body.status).to.equal('available');",
                "err": {},
                "isRoot": false,
                "uuid": "a16b87fd-db35-4239-9d2e-34abe4e58160",
                "parentUUID": "e8b7f551-13aa-4e49-805c-c4a241a5dbbb",
                "isHook": false,
                "skipped": false
              }
            ],
            "failures": [],
            "skipped": [],
            "hasBeforeHooks": true,
            "hasAfterHooks": false,
            "hasTests": true,
            "hasSuites": false,
            "totalTests": 4,
            "totalPasses": 4,
            "totalFailures": 0,
            "totalPending": 0,
            "totalSkipped": 0,
            "hasPasses": true,
            "hasFailures": false,
            "hasPending": false,
            "hasSkipped": false,
            "duration": 6,
            "rootEmpty": false
          },
          {
            "title": "Update Pet name",
            "suites": [],
            "tests": [
              {
                "title": "should return 200",
                "fullTitle": "PetSore API Tests Update Pet name should return 200",
                "timedOut": false,
                "duration": 0,
                "state": "passed",
                "speed": "fast",
                "pass": true,
                "fail": false,
                "pending": false,
                "code": "expect(putResponse.status).to.deep.equal(200)",
                "err": {},
                "isRoot": false,
                "uuid": "2a823dff-fa73-4abd-96a2-cebe2c2587d3",
                "parentUUID": "92822acc-57c4-420f-b2fb-faa875c85e00",
                "isHook": false,
                "skipped": false
              },
              {
                "title": "should return a json body",
                "fullTitle": "PetSore API Tests Update Pet name should return a json body",
                "timedOut": false,
                "duration": 1,
                "state": "passed",
                "speed": "fast",
                "pass": true,
                "fail": false,
                "pending": false,
                "code": "expect(putResponse.header).to.include({\n  'content-type': 'application/json',\n});",
                "err": {},
                "isRoot": false,
                "uuid": "da814ab5-f9f7-4ed4-9ee8-12b7c868ad4c",
                "parentUUID": "92822acc-57c4-420f-b2fb-faa875c85e00",
                "isHook": false,
                "skipped": false
              },
              {
                "title": "should have correct pet id",
                "fullTitle": "PetSore API Tests Update Pet name should have correct pet id",
                "timedOut": false,
                "duration": 1,
                "state": "passed",
                "speed": "fast",
                "pass": true,
                "fail": false,
                "pending": false,
                "code": "expect(putResponse.body.id).to.equal(JSON.parse(process.env.PET_ID),10);",
                "err": {},
                "isRoot": false,
                "uuid": "f7084800-c22f-4f62-bb72-91d3728ccaf3",
                "parentUUID": "92822acc-57c4-420f-b2fb-faa875c85e00",
                "isHook": false,
                "skipped": false
              },
              {
                "title": "should have correct status",
                "fullTitle": "PetSore API Tests Update Pet name should have correct status",
                "timedOut": false,
                "duration": 0,
                "state": "passed",
                "speed": "fast",
                "pass": true,
                "fail": false,
                "pending": false,
                "code": "expect(putResponse.body.category.name).to.equal('PetDogUpdate');",
                "err": {},
                "isRoot": false,
                "uuid": "61456957-b662-4367-ac7a-9d6691118b1c",
                "parentUUID": "92822acc-57c4-420f-b2fb-faa875c85e00",
                "isHook": false,
                "skipped": false
              }
            ],
            "root": false,
            "pending": [],
            "_timeout": 2000,
            "file": "\\test\\petStoreTests.js",
            "uuid": "92822acc-57c4-420f-b2fb-faa875c85e00",
            "beforeHooks": [
              {
                "title": "\"before all\" hook in \"Update Pet name\"",
                "fullTitle": "PetSore API Tests Update Pet name \"before all\" hook in \"Update Pet name\"",
                "timedOut": false,
                "duration": 919,
                "pass": false,
                "fail": false,
                "pending": false,
                "code": "async \n            putResponse = await request.put('/v2/pet').send(updatePet)",
                "err": {},
                "isRoot": false,
                "uuid": "2f619556-ce2b-4594-9d42-b84627b1fe4c",
                "parentUUID": "92822acc-57c4-420f-b2fb-faa875c85e00",
                "isHook": true,
                "skipped": false
              }
            ],
            "afterHooks": [],
            "fullFile": "C:\\Users\\pnarkhede\\OneDrive - Claim Central Pty Ltd\\Documents\\86400 - Automation Test\\api-automation\\test\\petStoreTests.js",
            "passes": [
              {
                "title": "should return 200",
                "fullTitle": "PetSore API Tests Update Pet name should return 200",
                "timedOut": false,
                "duration": 0,
                "state": "passed",
                "speed": "fast",
                "pass": true,
                "fail": false,
                "pending": false,
                "code": "expect(putResponse.status).to.deep.equal(200)",
                "err": {},
                "isRoot": false,
                "uuid": "2a823dff-fa73-4abd-96a2-cebe2c2587d3",
                "parentUUID": "92822acc-57c4-420f-b2fb-faa875c85e00",
                "isHook": false,
                "skipped": false
              },
              {
                "title": "should return a json body",
                "fullTitle": "PetSore API Tests Update Pet name should return a json body",
                "timedOut": false,
                "duration": 1,
                "state": "passed",
                "speed": "fast",
                "pass": true,
                "fail": false,
                "pending": false,
                "code": "expect(putResponse.header).to.include({\n  'content-type': 'application/json',\n});",
                "err": {},
                "isRoot": false,
                "uuid": "da814ab5-f9f7-4ed4-9ee8-12b7c868ad4c",
                "parentUUID": "92822acc-57c4-420f-b2fb-faa875c85e00",
                "isHook": false,
                "skipped": false
              },
              {
                "title": "should have correct pet id",
                "fullTitle": "PetSore API Tests Update Pet name should have correct pet id",
                "timedOut": false,
                "duration": 1,
                "state": "passed",
                "speed": "fast",
                "pass": true,
                "fail": false,
                "pending": false,
                "code": "expect(putResponse.body.id).to.equal(JSON.parse(process.env.PET_ID),10);",
                "err": {},
                "isRoot": false,
                "uuid": "f7084800-c22f-4f62-bb72-91d3728ccaf3",
                "parentUUID": "92822acc-57c4-420f-b2fb-faa875c85e00",
                "isHook": false,
                "skipped": false
              },
              {
                "title": "should have correct status",
                "fullTitle": "PetSore API Tests Update Pet name should have correct status",
                "timedOut": false,
                "duration": 0,
                "state": "passed",
                "speed": "fast",
                "pass": true,
                "fail": false,
                "pending": false,
                "code": "expect(putResponse.body.category.name).to.equal('PetDogUpdate');",
                "err": {},
                "isRoot": false,
                "uuid": "61456957-b662-4367-ac7a-9d6691118b1c",
                "parentUUID": "92822acc-57c4-420f-b2fb-faa875c85e00",
                "isHook": false,
                "skipped": false
              }
            ],
            "failures": [],
            "skipped": [],
            "hasBeforeHooks": true,
            "hasAfterHooks": false,
            "hasTests": true,
            "hasSuites": false,
            "totalTests": 4,
            "totalPasses": 4,
            "totalFailures": 0,
            "totalPending": 0,
            "totalSkipped": 0,
            "hasPasses": true,
            "hasFailures": false,
            "hasPending": false,
            "hasSkipped": false,
            "duration": 2,
            "rootEmpty": false
          },
          {
            "title": "Delete a Pet",
            "suites": [],
            "tests": [
              {
                "title": "should return 200",
                "fullTitle": "PetSore API Tests Delete a Pet should return 200",
                "timedOut": false,
                "duration": 1,
                "state": "passed",
                "speed": "fast",
                "pass": true,
                "fail": false,
                "pending": false,
                "code": "expect(delResponse.status).to.deep.equal(200)",
                "err": {},
                "isRoot": false,
                "uuid": "29ed4bed-faac-49de-bf04-9af59b5c2d71",
                "parentUUID": "216dc417-0231-473d-b1ee-f70d45cccff1",
                "isHook": false,
                "skipped": false
              },
              {
                "title": "should return a json body",
                "fullTitle": "PetSore API Tests Delete a Pet should return a json body",
                "timedOut": false,
                "duration": 2,
                "state": "passed",
                "speed": "fast",
                "pass": true,
                "fail": false,
                "pending": false,
                "code": "expect(delResponse.header).to.include({\n  'content-type': 'application/json',\n});",
                "err": {},
                "isRoot": false,
                "uuid": "d5179d0c-2510-4879-8db6-1bb46d90f996",
                "parentUUID": "216dc417-0231-473d-b1ee-f70d45cccff1",
                "isHook": false,
                "skipped": false
              },
              {
                "title": "should have correct pet id",
                "fullTitle": "PetSore API Tests Delete a Pet should have correct pet id",
                "timedOut": false,
                "duration": 0,
                "state": "passed",
                "speed": "fast",
                "pass": true,
                "fail": false,
                "pending": false,
                "code": "expect(delResponse.body.message).to.equal(process.env.PET_ID);",
                "err": {},
                "isRoot": false,
                "uuid": "1f7d59b1-3307-448b-b50a-d0b292f6c1ca",
                "parentUUID": "216dc417-0231-473d-b1ee-f70d45cccff1",
                "isHook": false,
                "skipped": false
              }
            ],
            "root": false,
            "pending": [],
            "_timeout": 2000,
            "file": "\\test\\petStoreTests.js",
            "uuid": "216dc417-0231-473d-b1ee-f70d45cccff1",
            "beforeHooks": [
              {
                "title": "\"before all\" hook in \"Delete a Pet\"",
                "fullTitle": "PetSore API Tests Delete a Pet \"before all\" hook in \"Delete a Pet\"",
                "timedOut": false,
                "duration": 904,
                "pass": false,
                "fail": false,
                "pending": false,
                "code": "async \n            delResponse = await request.delete(`/v2/pet/${process.env.PET_ID}`)",
                "err": {},
                "isRoot": false,
                "uuid": "57830b61-d576-440a-af6d-89739ff5ad9e",
                "parentUUID": "216dc417-0231-473d-b1ee-f70d45cccff1",
                "isHook": true,
                "skipped": false
              }
            ],
            "afterHooks": [],
            "fullFile": "C:\\Users\\pnarkhede\\OneDrive - Claim Central Pty Ltd\\Documents\\86400 - Automation Test\\api-automation\\test\\petStoreTests.js",
            "passes": [
              {
                "title": "should return 200",
                "fullTitle": "PetSore API Tests Delete a Pet should return 200",
                "timedOut": false,
                "duration": 1,
                "state": "passed",
                "speed": "fast",
                "pass": true,
                "fail": false,
                "pending": false,
                "code": "expect(delResponse.status).to.deep.equal(200)",
                "err": {},
                "isRoot": false,
                "uuid": "29ed4bed-faac-49de-bf04-9af59b5c2d71",
                "parentUUID": "216dc417-0231-473d-b1ee-f70d45cccff1",
                "isHook": false,
                "skipped": false
              },
              {
                "title": "should return a json body",
                "fullTitle": "PetSore API Tests Delete a Pet should return a json body",
                "timedOut": false,
                "duration": 2,
                "state": "passed",
                "speed": "fast",
                "pass": true,
                "fail": false,
                "pending": false,
                "code": "expect(delResponse.header).to.include({\n  'content-type': 'application/json',\n});",
                "err": {},
                "isRoot": false,
                "uuid": "d5179d0c-2510-4879-8db6-1bb46d90f996",
                "parentUUID": "216dc417-0231-473d-b1ee-f70d45cccff1",
                "isHook": false,
                "skipped": false
              },
              {
                "title": "should have correct pet id",
                "fullTitle": "PetSore API Tests Delete a Pet should have correct pet id",
                "timedOut": false,
                "duration": 0,
                "state": "passed",
                "speed": "fast",
                "pass": true,
                "fail": false,
                "pending": false,
                "code": "expect(delResponse.body.message).to.equal(process.env.PET_ID);",
                "err": {},
                "isRoot": false,
                "uuid": "1f7d59b1-3307-448b-b50a-d0b292f6c1ca",
                "parentUUID": "216dc417-0231-473d-b1ee-f70d45cccff1",
                "isHook": false,
                "skipped": false
              }
            ],
            "failures": [],
            "skipped": [],
            "hasBeforeHooks": true,
            "hasAfterHooks": false,
            "hasTests": true,
            "hasSuites": false,
            "totalTests": 3,
            "totalPasses": 3,
            "totalFailures": 0,
            "totalPending": 0,
            "totalSkipped": 0,
            "hasPasses": true,
            "hasFailures": false,
            "hasPending": false,
            "hasSkipped": false,
            "duration": 3,
            "rootEmpty": false
          },
          {
            "title": "Get Pet details by Id after deleting the pet",
            "suites": [],
            "tests": [
              {
                "title": "should return 404",
                "fullTitle": "PetSore API Tests Get Pet details by Id after deleting the pet should return 404",
                "timedOut": false,
                "duration": 0,
                "state": "passed",
                "speed": "fast",
                "pass": true,
                "fail": false,
                "pending": false,
                "code": "expect(getResponse.status).to.deep.equal(404)",
                "err": {},
                "isRoot": false,
                "uuid": "f8911285-6d24-495b-9152-d6c21a043c34",
                "parentUUID": "30f09c8c-fcd9-49c4-9f6b-698f69e8aef5",
                "isHook": false,
                "skipped": false
              },
              {
                "title": "should return a json body",
                "fullTitle": "PetSore API Tests Get Pet details by Id after deleting the pet should return a json body",
                "timedOut": false,
                "duration": 0,
                "state": "passed",
                "speed": "fast",
                "pass": true,
                "fail": false,
                "pending": false,
                "code": "expect(getResponse.header).to.include({\n  'content-type': 'application/json',\n});",
                "err": {},
                "isRoot": false,
                "uuid": "7693ed15-24d9-4e3c-8147-f9bde03e694b",
                "parentUUID": "30f09c8c-fcd9-49c4-9f6b-698f69e8aef5",
                "isHook": false,
                "skipped": false
              }
            ],
            "root": false,
            "pending": [],
            "_timeout": 2000,
            "file": "\\test\\petStoreTests.js",
            "uuid": "30f09c8c-fcd9-49c4-9f6b-698f69e8aef5",
            "beforeHooks": [
              {
                "title": "\"before all\" hook in \"Get Pet details by Id after deleting the pet\"",
                "fullTitle": "PetSore API Tests Get Pet details by Id after deleting the pet \"before all\" hook in \"Get Pet details by Id after deleting the pet\"",
                "timedOut": false,
                "duration": 895,
                "pass": false,
                "fail": false,
                "pending": false,
                "code": "async \n          getResponse = await request.get(`/v2/pet/${process.env.PET_ID}`)",
                "err": {},
                "isRoot": false,
                "uuid": "89b9538f-a5ca-455c-a42c-1d0b775aa412",
                "parentUUID": "30f09c8c-fcd9-49c4-9f6b-698f69e8aef5",
                "isHook": true,
                "skipped": false
              }
            ],
            "afterHooks": [],
            "fullFile": "C:\\Users\\pnarkhede\\OneDrive - Claim Central Pty Ltd\\Documents\\86400 - Automation Test\\api-automation\\test\\petStoreTests.js",
            "passes": [
              {
                "title": "should return 404",
                "fullTitle": "PetSore API Tests Get Pet details by Id after deleting the pet should return 404",
                "timedOut": false,
                "duration": 0,
                "state": "passed",
                "speed": "fast",
                "pass": true,
                "fail": false,
                "pending": false,
                "code": "expect(getResponse.status).to.deep.equal(404)",
                "err": {},
                "isRoot": false,
                "uuid": "f8911285-6d24-495b-9152-d6c21a043c34",
                "parentUUID": "30f09c8c-fcd9-49c4-9f6b-698f69e8aef5",
                "isHook": false,
                "skipped": false
              },
              {
                "title": "should return a json body",
                "fullTitle": "PetSore API Tests Get Pet details by Id after deleting the pet should return a json body",
                "timedOut": false,
                "duration": 0,
                "state": "passed",
                "speed": "fast",
                "pass": true,
                "fail": false,
                "pending": false,
                "code": "expect(getResponse.header).to.include({\n  'content-type': 'application/json',\n});",
                "err": {},
                "isRoot": false,
                "uuid": "7693ed15-24d9-4e3c-8147-f9bde03e694b",
                "parentUUID": "30f09c8c-fcd9-49c4-9f6b-698f69e8aef5",
                "isHook": false,
                "skipped": false
              }
            ],
            "failures": [],
            "skipped": [],
            "hasBeforeHooks": true,
            "hasAfterHooks": false,
            "hasTests": true,
            "hasSuites": false,
            "totalTests": 2,
            "totalPasses": 2,
            "totalFailures": 0,
            "totalPending": 0,
            "totalSkipped": 0,
            "hasPasses": true,
            "hasFailures": false,
            "hasPending": false,
            "hasSkipped": false,
            "duration": 0,
            "rootEmpty": false
          }
        ],
        "tests": [],
        "root": false,
        "pending": [],
        "_timeout": 2000,
        "file": "\\test\\petStoreTests.js",
        "uuid": "de6be930-8efe-483e-ab15-66e34a49f5b6",
        "beforeHooks": [],
        "afterHooks": [],
        "fullFile": "C:\\Users\\pnarkhede\\OneDrive - Claim Central Pty Ltd\\Documents\\86400 - Automation Test\\api-automation\\test\\petStoreTests.js",
        "passes": [],
        "failures": [],
        "skipped": [],
        "hasBeforeHooks": false,
        "hasAfterHooks": false,
        "hasTests": false,
        "hasSuites": true,
        "totalTests": 0,
        "totalPasses": 0,
        "totalFailures": 0,
        "totalPending": 0,
        "totalSkipped": 0,
        "hasPasses": false,
        "hasFailures": false,
        "hasPending": false,
        "hasSkipped": false,
        "duration": 0,
        "rootEmpty": false
      }
    ],
    "tests": [],
    "root": true,
    "pending": [],
    "_timeout": 2000,
    "uuid": "e042225c-06b7-45f8-b45c-8cd4c0daf55a",
    "beforeHooks": [],
    "afterHooks": [],
    "fullFile": "",
    "file": "",
    "passes": [],
    "failures": [],
    "skipped": [],
    "hasBeforeHooks": false,
    "hasAfterHooks": false,
    "hasTests": false,
    "hasSuites": true,
    "totalTests": 0,
    "totalPasses": 0,
    "totalFailures": 0,
    "totalPending": 0,
    "totalSkipped": 0,
    "hasPasses": false,
    "hasFailures": false,
    "hasPending": false,
    "hasSkipped": false,
    "duration": 0,
    "rootEmpty": true
  },
  "allTests": [
    {
      "title": "should return 200",
      "fullTitle": "Get Pet details by Id should return 200",
      "timedOut": false,
      "duration": 2,
      "state": "passed",
      "speed": "fast",
      "pass": true,
      "fail": false,
      "pending": false,
      "code": "expect(getResponse.status).to.deep.equal(200)",
      "err": {},
      "isRoot": false,
      "uuid": "df87b4d9-e2d2-4404-8590-f327b2cb6914",
      "parentUUID": "e8b7f551-13aa-4e49-805c-c4a241a5dbbb",
      "isHook": false,
      "skipped": false
    },
    {
      "title": "should return a json body",
      "fullTitle": "Get Pet details by Id should return a json body",
      "timedOut": false,
      "duration": 3,
      "state": "passed",
      "speed": "fast",
      "pass": true,
      "fail": false,
      "pending": false,
      "code": "expect(getResponse.header).to.include({\n  'content-type': 'application/json',\n});",
      "err": {},
      "isRoot": false,
      "uuid": "0e6b52a3-a494-451b-a636-5d799f3baf7f",
      "parentUUID": "e8b7f551-13aa-4e49-805c-c4a241a5dbbb",
      "isHook": false,
      "skipped": false
    },
    {
      "title": "should have correct pet id",
      "fullTitle": "Get Pet details by Id should have correct pet id",
      "timedOut": false,
      "duration": 1,
      "state": "passed",
      "speed": "fast",
      "pass": true,
      "fail": false,
      "pending": false,
      "code": "expect(getResponse.body.id).to.equal(JSON.parse(process.env.PET_ID),10);",
      "err": {},
      "isRoot": false,
      "uuid": "589b3f89-44f1-4294-ad70-3cbc3003d293",
      "parentUUID": "e8b7f551-13aa-4e49-805c-c4a241a5dbbb",
      "isHook": false,
      "skipped": false
    },
    {
      "title": "should have correct status",
      "fullTitle": "Get Pet details by Id should have correct status",
      "timedOut": false,
      "duration": 0,
      "state": "passed",
      "speed": "fast",
      "pass": true,
      "fail": false,
      "pending": false,
      "code": "expect(getResponse.body.status).to.equal('available');",
      "err": {},
      "isRoot": false,
      "uuid": "a16b87fd-db35-4239-9d2e-34abe4e58160",
      "parentUUID": "e8b7f551-13aa-4e49-805c-c4a241a5dbbb",
      "isHook": false,
      "skipped": false
    },
    {
      "title": "should return 200",
      "fullTitle": "Update Pet name should return 200",
      "timedOut": false,
      "duration": 0,
      "state": "passed",
      "speed": "fast",
      "pass": true,
      "fail": false,
      "pending": false,
      "code": "expect(putResponse.status).to.deep.equal(200)",
      "err": {},
      "isRoot": false,
      "uuid": "2a823dff-fa73-4abd-96a2-cebe2c2587d3",
      "parentUUID": "92822acc-57c4-420f-b2fb-faa875c85e00",
      "isHook": false,
      "skipped": false
    },
    {
      "title": "should return a json body",
      "fullTitle": "Update Pet name should return a json body",
      "timedOut": false,
      "duration": 1,
      "state": "passed",
      "speed": "fast",
      "pass": true,
      "fail": false,
      "pending": false,
      "code": "expect(putResponse.header).to.include({\n  'content-type': 'application/json',\n});",
      "err": {},
      "isRoot": false,
      "uuid": "da814ab5-f9f7-4ed4-9ee8-12b7c868ad4c",
      "parentUUID": "92822acc-57c4-420f-b2fb-faa875c85e00",
      "isHook": false,
      "skipped": false
    },
    {
      "title": "should have correct pet id",
      "fullTitle": "Update Pet name should have correct pet id",
      "timedOut": false,
      "duration": 1,
      "state": "passed",
      "speed": "fast",
      "pass": true,
      "fail": false,
      "pending": false,
      "code": "expect(putResponse.body.id).to.equal(JSON.parse(process.env.PET_ID),10);",
      "err": {},
      "isRoot": false,
      "uuid": "f7084800-c22f-4f62-bb72-91d3728ccaf3",
      "parentUUID": "92822acc-57c4-420f-b2fb-faa875c85e00",
      "isHook": false,
      "skipped": false
    },
    {
      "title": "should have correct status",
      "fullTitle": "Update Pet name should have correct status",
      "timedOut": false,
      "duration": 0,
      "state": "passed",
      "speed": "fast",
      "pass": true,
      "fail": false,
      "pending": false,
      "code": "expect(putResponse.body.category.name).to.equal('PetDogUpdate');",
      "err": {},
      "isRoot": false,
      "uuid": "61456957-b662-4367-ac7a-9d6691118b1c",
      "parentUUID": "92822acc-57c4-420f-b2fb-faa875c85e00",
      "isHook": false,
      "skipped": false
    },
    {
      "title": "should return 200",
      "fullTitle": "Delete a Pet should return 200",
      "timedOut": false,
      "duration": 1,
      "state": "passed",
      "speed": "fast",
      "pass": true,
      "fail": false,
      "pending": false,
      "code": "expect(delResponse.status).to.deep.equal(200)",
      "err": {},
      "isRoot": false,
      "uuid": "29ed4bed-faac-49de-bf04-9af59b5c2d71",
      "parentUUID": "216dc417-0231-473d-b1ee-f70d45cccff1",
      "isHook": false,
      "skipped": false
    },
    {
      "title": "should return a json body",
      "fullTitle": "Delete a Pet should return a json body",
      "timedOut": false,
      "duration": 2,
      "state": "passed",
      "speed": "fast",
      "pass": true,
      "fail": false,
      "pending": false,
      "code": "expect(delResponse.header).to.include({\n  'content-type': 'application/json',\n});",
      "err": {},
      "isRoot": false,
      "uuid": "d5179d0c-2510-4879-8db6-1bb46d90f996",
      "parentUUID": "216dc417-0231-473d-b1ee-f70d45cccff1",
      "isHook": false,
      "skipped": false
    },
    {
      "title": "should have correct pet id",
      "fullTitle": "Delete a Pet should have correct pet id",
      "timedOut": false,
      "duration": 0,
      "state": "passed",
      "speed": "fast",
      "pass": true,
      "fail": false,
      "pending": false,
      "code": "expect(delResponse.body.message).to.equal(process.env.PET_ID);",
      "err": {},
      "isRoot": false,
      "uuid": "1f7d59b1-3307-448b-b50a-d0b292f6c1ca",
      "parentUUID": "216dc417-0231-473d-b1ee-f70d45cccff1",
      "isHook": false,
      "skipped": false
    },
    {
      "title": "should return 404",
      "fullTitle": "Get Pet details by Id after deleting the pet should return 404",
      "timedOut": false,
      "duration": 0,
      "state": "passed",
      "speed": "fast",
      "pass": true,
      "fail": false,
      "pending": false,
      "code": "expect(getResponse.status).to.deep.equal(404)",
      "err": {},
      "isRoot": false,
      "uuid": "f8911285-6d24-495b-9152-d6c21a043c34",
      "parentUUID": "30f09c8c-fcd9-49c4-9f6b-698f69e8aef5",
      "isHook": false,
      "skipped": false
    },
    {
      "title": "should return a json body",
      "fullTitle": "Get Pet details by Id after deleting the pet should return a json body",
      "timedOut": false,
      "duration": 0,
      "state": "passed",
      "speed": "fast",
      "pass": true,
      "fail": false,
      "pending": false,
      "code": "expect(getResponse.header).to.include({\n  'content-type': 'application/json',\n});",
      "err": {},
      "isRoot": false,
      "uuid": "7693ed15-24d9-4e3c-8147-f9bde03e694b",
      "parentUUID": "30f09c8c-fcd9-49c4-9f6b-698f69e8aef5",
      "isHook": false,
      "skipped": false
    }
  ],
  "allPending": [],
  "allPasses": [
    {
      "title": "should return 200",
      "fullTitle": "Get Pet details by Id should return 200",
      "timedOut": false,
      "duration": 2,
      "state": "passed",
      "speed": "fast",
      "pass": true,
      "fail": false,
      "pending": false,
      "code": "expect(getResponse.status).to.deep.equal(200)",
      "err": {},
      "isRoot": false,
      "uuid": "df87b4d9-e2d2-4404-8590-f327b2cb6914",
      "parentUUID": "e8b7f551-13aa-4e49-805c-c4a241a5dbbb",
      "isHook": false,
      "skipped": false
    },
    {
      "title": "should return a json body",
      "fullTitle": "Get Pet details by Id should return a json body",
      "timedOut": false,
      "duration": 3,
      "state": "passed",
      "speed": "fast",
      "pass": true,
      "fail": false,
      "pending": false,
      "code": "expect(getResponse.header).to.include({\n  'content-type': 'application/json',\n});",
      "err": {},
      "isRoot": false,
      "uuid": "0e6b52a3-a494-451b-a636-5d799f3baf7f",
      "parentUUID": "e8b7f551-13aa-4e49-805c-c4a241a5dbbb",
      "isHook": false,
      "skipped": false
    },
    {
      "title": "should have correct pet id",
      "fullTitle": "Get Pet details by Id should have correct pet id",
      "timedOut": false,
      "duration": 1,
      "state": "passed",
      "speed": "fast",
      "pass": true,
      "fail": false,
      "pending": false,
      "code": "expect(getResponse.body.id).to.equal(JSON.parse(process.env.PET_ID),10);",
      "err": {},
      "isRoot": false,
      "uuid": "589b3f89-44f1-4294-ad70-3cbc3003d293",
      "parentUUID": "e8b7f551-13aa-4e49-805c-c4a241a5dbbb",
      "isHook": false,
      "skipped": false
    },
    {
      "title": "should have correct status",
      "fullTitle": "Get Pet details by Id should have correct status",
      "timedOut": false,
      "duration": 0,
      "state": "passed",
      "speed": "fast",
      "pass": true,
      "fail": false,
      "pending": false,
      "code": "expect(getResponse.body.status).to.equal('available');",
      "err": {},
      "isRoot": false,
      "uuid": "a16b87fd-db35-4239-9d2e-34abe4e58160",
      "parentUUID": "e8b7f551-13aa-4e49-805c-c4a241a5dbbb",
      "isHook": false,
      "skipped": false
    },
    {
      "title": "should return 200",
      "fullTitle": "Update Pet name should return 200",
      "timedOut": false,
      "duration": 0,
      "state": "passed",
      "speed": "fast",
      "pass": true,
      "fail": false,
      "pending": false,
      "code": "expect(putResponse.status).to.deep.equal(200)",
      "err": {},
      "isRoot": false,
      "uuid": "2a823dff-fa73-4abd-96a2-cebe2c2587d3",
      "parentUUID": "92822acc-57c4-420f-b2fb-faa875c85e00",
      "isHook": false,
      "skipped": false
    },
    {
      "title": "should return a json body",
      "fullTitle": "Update Pet name should return a json body",
      "timedOut": false,
      "duration": 1,
      "state": "passed",
      "speed": "fast",
      "pass": true,
      "fail": false,
      "pending": false,
      "code": "expect(putResponse.header).to.include({\n  'content-type': 'application/json',\n});",
      "err": {},
      "isRoot": false,
      "uuid": "da814ab5-f9f7-4ed4-9ee8-12b7c868ad4c",
      "parentUUID": "92822acc-57c4-420f-b2fb-faa875c85e00",
      "isHook": false,
      "skipped": false
    },
    {
      "title": "should have correct pet id",
      "fullTitle": "Update Pet name should have correct pet id",
      "timedOut": false,
      "duration": 1,
      "state": "passed",
      "speed": "fast",
      "pass": true,
      "fail": false,
      "pending": false,
      "code": "expect(putResponse.body.id).to.equal(JSON.parse(process.env.PET_ID),10);",
      "err": {},
      "isRoot": false,
      "uuid": "f7084800-c22f-4f62-bb72-91d3728ccaf3",
      "parentUUID": "92822acc-57c4-420f-b2fb-faa875c85e00",
      "isHook": false,
      "skipped": false
    },
    {
      "title": "should have correct status",
      "fullTitle": "Update Pet name should have correct status",
      "timedOut": false,
      "duration": 0,
      "state": "passed",
      "speed": "fast",
      "pass": true,
      "fail": false,
      "pending": false,
      "code": "expect(putResponse.body.category.name).to.equal('PetDogUpdate');",
      "err": {},
      "isRoot": false,
      "uuid": "61456957-b662-4367-ac7a-9d6691118b1c",
      "parentUUID": "92822acc-57c4-420f-b2fb-faa875c85e00",
      "isHook": false,
      "skipped": false
    },
    {
      "title": "should return 200",
      "fullTitle": "Delete a Pet should return 200",
      "timedOut": false,
      "duration": 1,
      "state": "passed",
      "speed": "fast",
      "pass": true,
      "fail": false,
      "pending": false,
      "code": "expect(delResponse.status).to.deep.equal(200)",
      "err": {},
      "isRoot": false,
      "uuid": "29ed4bed-faac-49de-bf04-9af59b5c2d71",
      "parentUUID": "216dc417-0231-473d-b1ee-f70d45cccff1",
      "isHook": false,
      "skipped": false
    },
    {
      "title": "should return a json body",
      "fullTitle": "Delete a Pet should return a json body",
      "timedOut": false,
      "duration": 2,
      "state": "passed",
      "speed": "fast",
      "pass": true,
      "fail": false,
      "pending": false,
      "code": "expect(delResponse.header).to.include({\n  'content-type': 'application/json',\n});",
      "err": {},
      "isRoot": false,
      "uuid": "d5179d0c-2510-4879-8db6-1bb46d90f996",
      "parentUUID": "216dc417-0231-473d-b1ee-f70d45cccff1",
      "isHook": false,
      "skipped": false
    },
    {
      "title": "should have correct pet id",
      "fullTitle": "Delete a Pet should have correct pet id",
      "timedOut": false,
      "duration": 0,
      "state": "passed",
      "speed": "fast",
      "pass": true,
      "fail": false,
      "pending": false,
      "code": "expect(delResponse.body.message).to.equal(process.env.PET_ID);",
      "err": {},
      "isRoot": false,
      "uuid": "1f7d59b1-3307-448b-b50a-d0b292f6c1ca",
      "parentUUID": "216dc417-0231-473d-b1ee-f70d45cccff1",
      "isHook": false,
      "skipped": false
    },
    {
      "title": "should return 404",
      "fullTitle": "Get Pet details by Id after deleting the pet should return 404",
      "timedOut": false,
      "duration": 0,
      "state": "passed",
      "speed": "fast",
      "pass": true,
      "fail": false,
      "pending": false,
      "code": "expect(getResponse.status).to.deep.equal(404)",
      "err": {},
      "isRoot": false,
      "uuid": "f8911285-6d24-495b-9152-d6c21a043c34",
      "parentUUID": "30f09c8c-fcd9-49c4-9f6b-698f69e8aef5",
      "isHook": false,
      "skipped": false
    },
    {
      "title": "should return a json body",
      "fullTitle": "Get Pet details by Id after deleting the pet should return a json body",
      "timedOut": false,
      "duration": 0,
      "state": "passed",
      "speed": "fast",
      "pass": true,
      "fail": false,
      "pending": false,
      "code": "expect(getResponse.header).to.include({\n  'content-type': 'application/json',\n});",
      "err": {},
      "isRoot": false,
      "uuid": "7693ed15-24d9-4e3c-8147-f9bde03e694b",
      "parentUUID": "30f09c8c-fcd9-49c4-9f6b-698f69e8aef5",
      "isHook": false,
      "skipped": false
    }
  ],
  "allFailures": [],
  "copyrightYear": 2022
}